<?xml version="1.0" encoding="UTF-8"?>
<testsuite xmlns:xsi="http://www.w3.org/2001/XMLSchema-instance" xsi:noNamespaceSchemaLocation="https://maven.apache.org/surefire/maven-surefire-plugin/xsd/surefire-test-report.xsd" name="br.com.alura.microservice.auth.AuthApplicationTests" time="3.629" tests="1" errors="0" skipped="0" failures="0">
  <properties>
    <property name="sun.desktop" value="gnome"/>
    <property name="awt.toolkit" value="sun.awt.X11.XToolkit"/>
    <property name="file.encoding.pkg" value="sun.io"/>
    <property name="java.specification.version" value="1.8"/>
    <property name="sun.cpu.isalist" value=""/>
    <property name="sun.jnu.encoding" value="UTF-8"/>
    <property name="java.class.path" value="/home/fernando/eclipse-workspace/sts-ws-java/microservice-auth/target/test-classes:/home/fernando/eclipse-workspace/sts-ws-java/microservice-auth/target/classes:/home/fernando/.m2/repository/org/springframework/boot/spring-boot-starter-security/2.3.9.RELEASE/spring-boot-starter-security-2.3.9.RELEASE.jar:/home/fernando/.m2/repository/org/springframework/boot/spring-boot-starter/2.3.9.RELEASE/spring-boot-starter-2.3.9.RELEASE.jar:/home/fernando/.m2/repository/org/springframework/boot/spring-boot/2.3.9.RELEASE/spring-boot-2.3.9.RELEASE.jar:/home/fernando/.m2/repository/org/springframework/boot/spring-boot-autoconfigure/2.3.9.RELEASE/spring-boot-autoconfigure-2.3.9.RELEASE.jar:/home/fernando/.m2/repository/org/springframework/boot/spring-boot-starter-logging/2.3.9.RELEASE/spring-boot-starter-logging-2.3.9.RELEASE.jar:/home/fernando/.m2/repository/ch/qos/logback/logback-classic/1.2.3/logback-classic-1.2.3.jar:/home/fernando/.m2/repository/ch/qos/logback/logback-core/1.2.3/logback-core-1.2.3.jar:/home/fernando/.m2/repository/org/apache/logging/log4j/log4j-to-slf4j/2.13.3/log4j-to-slf4j-2.13.3.jar:/home/fernando/.m2/repository/org/apache/logging/log4j/log4j-api/2.13.3/log4j-api-2.13.3.jar:/home/fernando/.m2/repository/org/slf4j/jul-to-slf4j/1.7.30/jul-to-slf4j-1.7.30.jar:/home/fernando/.m2/repository/jakarta/annotation/jakarta.annotation-api/1.3.5/jakarta.annotation-api-1.3.5.jar:/home/fernando/.m2/repository/org/yaml/snakeyaml/1.26/snakeyaml-1.26.jar:/home/fernando/.m2/repository/org/springframework/spring-aop/5.2.13.RELEASE/spring-aop-5.2.13.RELEASE.jar:/home/fernando/.m2/repository/org/springframework/spring-beans/5.2.13.RELEASE/spring-beans-5.2.13.RELEASE.jar:/home/fernando/.m2/repository/org/springframework/security/spring-security-config/5.3.8.RELEASE/spring-security-config-5.3.8.RELEASE.jar:/home/fernando/.m2/repository/org/springframework/spring-context/5.2.13.RELEASE/spring-context-5.2.13.RELEASE.jar:/home/fernando/.m2/repository/org/springframework/security/spring-security-web/5.3.8.RELEASE/spring-security-web-5.3.8.RELEASE.jar:/home/fernando/.m2/repository/org/springframework/spring-expression/5.2.13.RELEASE/spring-expression-5.2.13.RELEASE.jar:/home/fernando/.m2/repository/org/springframework/boot/spring-boot-starter-web/2.3.9.RELEASE/spring-boot-starter-web-2.3.9.RELEASE.jar:/home/fernando/.m2/repository/org/springframework/boot/spring-boot-starter-json/2.3.9.RELEASE/spring-boot-starter-json-2.3.9.RELEASE.jar:/home/fernando/.m2/repository/com/fasterxml/jackson/core/jackson-databind/2.11.4/jackson-databind-2.11.4.jar:/home/fernando/.m2/repository/com/fasterxml/jackson/core/jackson-core/2.11.4/jackson-core-2.11.4.jar:/home/fernando/.m2/repository/com/fasterxml/jackson/datatype/jackson-datatype-jdk8/2.11.4/jackson-datatype-jdk8-2.11.4.jar:/home/fernando/.m2/repository/com/fasterxml/jackson/datatype/jackson-datatype-jsr310/2.11.4/jackson-datatype-jsr310-2.11.4.jar:/home/fernando/.m2/repository/com/fasterxml/jackson/module/jackson-module-parameter-names/2.11.4/jackson-module-parameter-names-2.11.4.jar:/home/fernando/.m2/repository/org/springframework/boot/spring-boot-starter-tomcat/2.3.9.RELEASE/spring-boot-starter-tomcat-2.3.9.RELEASE.jar:/home/fernando/.m2/repository/org/apache/tomcat/embed/tomcat-embed-core/9.0.43/tomcat-embed-core-9.0.43.jar:/home/fernando/.m2/repository/org/glassfish/jakarta.el/3.0.3/jakarta.el-3.0.3.jar:/home/fernando/.m2/repository/org/apache/tomcat/embed/tomcat-embed-websocket/9.0.43/tomcat-embed-websocket-9.0.43.jar:/home/fernando/.m2/repository/org/springframework/spring-web/5.2.13.RELEASE/spring-web-5.2.13.RELEASE.jar:/home/fernando/.m2/repository/org/springframework/spring-webmvc/5.2.13.RELEASE/spring-webmvc-5.2.13.RELEASE.jar:/home/fernando/.m2/repository/org/springframework/cloud/spring-cloud-starter-oauth2/2.2.4.RELEASE/spring-cloud-starter-oauth2-2.2.4.RELEASE.jar:/home/fernando/.m2/repository/org/springframework/cloud/spring-cloud-starter-security/2.2.4.RELEASE/spring-cloud-starter-security-2.2.4.RELEASE.jar:/home/fernando/.m2/repository/org/springframework/cloud/spring-cloud-starter/2.2.7.RELEASE/spring-cloud-starter-2.2.7.RELEASE.jar:/home/fernando/.m2/repository/org/springframework/cloud/spring-cloud-context/2.2.7.RELEASE/spring-cloud-context-2.2.7.RELEASE.jar:/home/fernando/.m2/repository/org/springframework/security/spring-security-crypto/5.3.8.RELEASE/spring-security-crypto-5.3.8.RELEASE.jar:/home/fernando/.m2/repository/org/springframework/cloud/spring-cloud-commons/2.2.7.RELEASE/spring-cloud-commons-2.2.7.RELEASE.jar:/home/fernando/.m2/repository/org/springframework/security/spring-security-rsa/1.0.9.RELEASE/spring-security-rsa-1.0.9.RELEASE.jar:/home/fernando/.m2/repository/org/springframework/boot/spring-boot-starter-actuator/2.3.9.RELEASE/spring-boot-starter-actuator-2.3.9.RELEASE.jar:/home/fernando/.m2/repository/org/springframework/boot/spring-boot-actuator-autoconfigure/2.3.9.RELEASE/spring-boot-actuator-autoconfigure-2.3.9.RELEASE.jar:/home/fernando/.m2/repository/org/springframework/boot/spring-boot-actuator/2.3.9.RELEASE/spring-boot-actuator-2.3.9.RELEASE.jar:/home/fernando/.m2/repository/io/micrometer/micrometer-core/1.5.11/micrometer-core-1.5.11.jar:/home/fernando/.m2/repository/org/hdrhistogram/HdrHistogram/2.1.12/HdrHistogram-2.1.12.jar:/home/fernando/.m2/repository/org/latencyutils/LatencyUtils/2.0.3/LatencyUtils-2.0.3.jar:/home/fernando/.m2/repository/org/springframework/cloud/spring-cloud-security/2.2.4.RELEASE/spring-cloud-security-2.2.4.RELEASE.jar:/home/fernando/.m2/repository/org/springframework/security/oauth/boot/spring-security-oauth2-autoconfigure/2.1.2.RELEASE/spring-security-oauth2-autoconfigure-2.1.2.RELEASE.jar:/home/fernando/.m2/repository/com/fasterxml/jackson/core/jackson-annotations/2.11.4/jackson-annotations-2.11.4.jar:/home/fernando/.m2/repository/com/sun/xml/bind/jaxb-core/2.3.0.1/jaxb-core-2.3.0.1.jar:/home/fernando/.m2/repository/com/sun/xml/bind/jaxb-impl/2.3.0.1/jaxb-impl-2.3.0.1.jar:/home/fernando/.m2/repository/javax/xml/bind/jaxb-api/2.3.1/jaxb-api-2.3.1.jar:/home/fernando/.m2/repository/javax/activation/javax.activation-api/1.2.0/javax.activation-api-1.2.0.jar:/home/fernando/.m2/repository/org/springframework/security/oauth/spring-security-oauth2/2.3.4.RELEASE/spring-security-oauth2-2.3.4.RELEASE.jar:/home/fernando/.m2/repository/commons-codec/commons-codec/1.14/commons-codec-1.14.jar:/home/fernando/.m2/repository/org/codehaus/jackson/jackson-mapper-asl/1.9.13/jackson-mapper-asl-1.9.13.jar:/home/fernando/.m2/repository/org/codehaus/jackson/jackson-core-asl/1.9.13/jackson-core-asl-1.9.13.jar:/home/fernando/.m2/repository/org/springframework/security/spring-security-jwt/1.0.9.RELEASE/spring-security-jwt-1.0.9.RELEASE.jar:/home/fernando/.m2/repository/org/bouncycastle/bcpkix-jdk15on/1.56/bcpkix-jdk15on-1.56.jar:/home/fernando/.m2/repository/org/bouncycastle/bcprov-jdk15on/1.56/bcprov-jdk15on-1.56.jar:/home/fernando/.m2/repository/org/springframework/boot/spring-boot-starter-test/2.3.9.RELEASE/spring-boot-starter-test-2.3.9.RELEASE.jar:/home/fernando/.m2/repository/org/springframework/boot/spring-boot-test/2.3.9.RELEASE/spring-boot-test-2.3.9.RELEASE.jar:/home/fernando/.m2/repository/org/springframework/boot/spring-boot-test-autoconfigure/2.3.9.RELEASE/spring-boot-test-autoconfigure-2.3.9.RELEASE.jar:/home/fernando/.m2/repository/com/jayway/jsonpath/json-path/2.4.0/json-path-2.4.0.jar:/home/fernando/.m2/repository/net/minidev/json-smart/2.3/json-smart-2.3.jar:/home/fernando/.m2/repository/net/minidev/accessors-smart/1.2/accessors-smart-1.2.jar:/home/fernando/.m2/repository/org/ow2/asm/asm/5.0.4/asm-5.0.4.jar:/home/fernando/.m2/repository/org/slf4j/slf4j-api/1.7.30/slf4j-api-1.7.30.jar:/home/fernando/.m2/repository/jakarta/xml/bind/jakarta.xml.bind-api/2.3.3/jakarta.xml.bind-api-2.3.3.jar:/home/fernando/.m2/repository/jakarta/activation/jakarta.activation-api/1.2.2/jakarta.activation-api-1.2.2.jar:/home/fernando/.m2/repository/org/assertj/assertj-core/3.16.1/assertj-core-3.16.1.jar:/home/fernando/.m2/repository/org/hamcrest/hamcrest/2.2/hamcrest-2.2.jar:/home/fernando/.m2/repository/org/junit/jupiter/junit-jupiter/5.6.3/junit-jupiter-5.6.3.jar:/home/fernando/.m2/repository/org/junit/jupiter/junit-jupiter-api/5.6.3/junit-jupiter-api-5.6.3.jar:/home/fernando/.m2/repository/org/apiguardian/apiguardian-api/1.1.0/apiguardian-api-1.1.0.jar:/home/fernando/.m2/repository/org/opentest4j/opentest4j/1.2.0/opentest4j-1.2.0.jar:/home/fernando/.m2/repository/org/junit/platform/junit-platform-commons/1.6.3/junit-platform-commons-1.6.3.jar:/home/fernando/.m2/repository/org/junit/jupiter/junit-jupiter-params/5.6.3/junit-jupiter-params-5.6.3.jar:/home/fernando/.m2/repository/org/junit/jupiter/junit-jupiter-engine/5.6.3/junit-jupiter-engine-5.6.3.jar:/home/fernando/.m2/repository/org/junit/platform/junit-platform-engine/1.6.3/junit-platform-engine-1.6.3.jar:/home/fernando/.m2/repository/org/mockito/mockito-core/3.3.3/mockito-core-3.3.3.jar:/home/fernando/.m2/repository/net/bytebuddy/byte-buddy/1.10.20/byte-buddy-1.10.20.jar:/home/fernando/.m2/repository/net/bytebuddy/byte-buddy-agent/1.10.20/byte-buddy-agent-1.10.20.jar:/home/fernando/.m2/repository/org/objenesis/objenesis/2.6/objenesis-2.6.jar:/home/fernando/.m2/repository/org/mockito/mockito-junit-jupiter/3.3.3/mockito-junit-jupiter-3.3.3.jar:/home/fernando/.m2/repository/org/skyscreamer/jsonassert/1.5.0/jsonassert-1.5.0.jar:/home/fernando/.m2/repository/com/vaadin/external/google/android-json/0.0.20131108.vaadin1/android-json-0.0.20131108.vaadin1.jar:/home/fernando/.m2/repository/org/springframework/spring-core/5.2.13.RELEASE/spring-core-5.2.13.RELEASE.jar:/home/fernando/.m2/repository/org/springframework/spring-jcl/5.2.13.RELEASE/spring-jcl-5.2.13.RELEASE.jar:/home/fernando/.m2/repository/org/springframework/spring-test/5.2.13.RELEASE/spring-test-5.2.13.RELEASE.jar:/home/fernando/.m2/repository/org/xmlunit/xmlunit-core/2.7.0/xmlunit-core-2.7.0.jar:/home/fernando/.m2/repository/org/springframework/security/spring-security-test/5.3.8.RELEASE/spring-security-test-5.3.8.RELEASE.jar:/home/fernando/.m2/repository/org/springframework/security/spring-security-core/5.3.8.RELEASE/spring-security-core-5.3.8.RELEASE.jar:"/>
    <property name="java.vm.vendor" value="Private Build"/>
    <property name="sun.arch.data.model" value="64"/>
    <property name="java.vendor.url" value="http://java.oracle.com/"/>
    <property name="user.timezone" value=""/>
    <property name="java.vm.specification.version" value="1.8"/>
    <property name="os.name" value="Linux"/>
    <property name="user.country" value="BR"/>
    <property name="sun.java.launcher" value="SUN_STANDARD"/>
    <property name="sun.boot.library.path" value="/usr/lib/jvm/java-8-openjdk-amd64/jre/lib/amd64"/>
    <property name="sun.java.command" value="/home/fernando/eclipse-workspace/sts-ws-java/microservice-auth/target/surefire/surefirebooter1990055914669779799.jar /home/fernando/eclipse-workspace/sts-ws-java/microservice-auth/target/surefire 2021-04-09T21-59-56_906-jvmRun1 surefire4517154612227664119tmp surefire_0219584880171704556tmp"/>
    <property name="surefire.test.class.path" value="/home/fernando/eclipse-workspace/sts-ws-java/microservice-auth/target/test-classes:/home/fernando/eclipse-workspace/sts-ws-java/microservice-auth/target/classes:/home/fernando/.m2/repository/org/springframework/boot/spring-boot-starter-security/2.3.9.RELEASE/spring-boot-starter-security-2.3.9.RELEASE.jar:/home/fernando/.m2/repository/org/springframework/boot/spring-boot-starter/2.3.9.RELEASE/spring-boot-starter-2.3.9.RELEASE.jar:/home/fernando/.m2/repository/org/springframework/boot/spring-boot/2.3.9.RELEASE/spring-boot-2.3.9.RELEASE.jar:/home/fernando/.m2/repository/org/springframework/boot/spring-boot-autoconfigure/2.3.9.RELEASE/spring-boot-autoconfigure-2.3.9.RELEASE.jar:/home/fernando/.m2/repository/org/springframework/boot/spring-boot-starter-logging/2.3.9.RELEASE/spring-boot-starter-logging-2.3.9.RELEASE.jar:/home/fernando/.m2/repository/ch/qos/logback/logback-classic/1.2.3/logback-classic-1.2.3.jar:/home/fernando/.m2/repository/ch/qos/logback/logback-core/1.2.3/logback-core-1.2.3.jar:/home/fernando/.m2/repository/org/apache/logging/log4j/log4j-to-slf4j/2.13.3/log4j-to-slf4j-2.13.3.jar:/home/fernando/.m2/repository/org/apache/logging/log4j/log4j-api/2.13.3/log4j-api-2.13.3.jar:/home/fernando/.m2/repository/org/slf4j/jul-to-slf4j/1.7.30/jul-to-slf4j-1.7.30.jar:/home/fernando/.m2/repository/jakarta/annotation/jakarta.annotation-api/1.3.5/jakarta.annotation-api-1.3.5.jar:/home/fernando/.m2/repository/org/yaml/snakeyaml/1.26/snakeyaml-1.26.jar:/home/fernando/.m2/repository/org/springframework/spring-aop/5.2.13.RELEASE/spring-aop-5.2.13.RELEASE.jar:/home/fernando/.m2/repository/org/springframework/spring-beans/5.2.13.RELEASE/spring-beans-5.2.13.RELEASE.jar:/home/fernando/.m2/repository/org/springframework/security/spring-security-config/5.3.8.RELEASE/spring-security-config-5.3.8.RELEASE.jar:/home/fernando/.m2/repository/org/springframework/spring-context/5.2.13.RELEASE/spring-context-5.2.13.RELEASE.jar:/home/fernando/.m2/repository/org/springframework/security/spring-security-web/5.3.8.RELEASE/spring-security-web-5.3.8.RELEASE.jar:/home/fernando/.m2/repository/org/springframework/spring-expression/5.2.13.RELEASE/spring-expression-5.2.13.RELEASE.jar:/home/fernando/.m2/repository/org/springframework/boot/spring-boot-starter-web/2.3.9.RELEASE/spring-boot-starter-web-2.3.9.RELEASE.jar:/home/fernando/.m2/repository/org/springframework/boot/spring-boot-starter-json/2.3.9.RELEASE/spring-boot-starter-json-2.3.9.RELEASE.jar:/home/fernando/.m2/repository/com/fasterxml/jackson/core/jackson-databind/2.11.4/jackson-databind-2.11.4.jar:/home/fernando/.m2/repository/com/fasterxml/jackson/core/jackson-core/2.11.4/jackson-core-2.11.4.jar:/home/fernando/.m2/repository/com/fasterxml/jackson/datatype/jackson-datatype-jdk8/2.11.4/jackson-datatype-jdk8-2.11.4.jar:/home/fernando/.m2/repository/com/fasterxml/jackson/datatype/jackson-datatype-jsr310/2.11.4/jackson-datatype-jsr310-2.11.4.jar:/home/fernando/.m2/repository/com/fasterxml/jackson/module/jackson-module-parameter-names/2.11.4/jackson-module-parameter-names-2.11.4.jar:/home/fernando/.m2/repository/org/springframework/boot/spring-boot-starter-tomcat/2.3.9.RELEASE/spring-boot-starter-tomcat-2.3.9.RELEASE.jar:/home/fernando/.m2/repository/org/apache/tomcat/embed/tomcat-embed-core/9.0.43/tomcat-embed-core-9.0.43.jar:/home/fernando/.m2/repository/org/glassfish/jakarta.el/3.0.3/jakarta.el-3.0.3.jar:/home/fernando/.m2/repository/org/apache/tomcat/embed/tomcat-embed-websocket/9.0.43/tomcat-embed-websocket-9.0.43.jar:/home/fernando/.m2/repository/org/springframework/spring-web/5.2.13.RELEASE/spring-web-5.2.13.RELEASE.jar:/home/fernando/.m2/repository/org/springframework/spring-webmvc/5.2.13.RELEASE/spring-webmvc-5.2.13.RELEASE.jar:/home/fernando/.m2/repository/org/springframework/cloud/spring-cloud-starter-oauth2/2.2.4.RELEASE/spring-cloud-starter-oauth2-2.2.4.RELEASE.jar:/home/fernando/.m2/repository/org/springframework/cloud/spring-cloud-starter-security/2.2.4.RELEASE/spring-cloud-starter-security-2.2.4.RELEASE.jar:/home/fernando/.m2/repository/org/springframework/cloud/spring-cloud-starter/2.2.7.RELEASE/spring-cloud-starter-2.2.7.RELEASE.jar:/home/fernando/.m2/repository/org/springframework/cloud/spring-cloud-context/2.2.7.RELEASE/spring-cloud-context-2.2.7.RELEASE.jar:/home/fernando/.m2/repository/org/springframework/security/spring-security-crypto/5.3.8.RELEASE/spring-security-crypto-5.3.8.RELEASE.jar:/home/fernando/.m2/repository/org/springframework/cloud/spring-cloud-commons/2.2.7.RELEASE/spring-cloud-commons-2.2.7.RELEASE.jar:/home/fernando/.m2/repository/org/springframework/security/spring-security-rsa/1.0.9.RELEASE/spring-security-rsa-1.0.9.RELEASE.jar:/home/fernando/.m2/repository/org/springframework/boot/spring-boot-starter-actuator/2.3.9.RELEASE/spring-boot-starter-actuator-2.3.9.RELEASE.jar:/home/fernando/.m2/repository/org/springframework/boot/spring-boot-actuator-autoconfigure/2.3.9.RELEASE/spring-boot-actuator-autoconfigure-2.3.9.RELEASE.jar:/home/fernando/.m2/repository/org/springframework/boot/spring-boot-actuator/2.3.9.RELEASE/spring-boot-actuator-2.3.9.RELEASE.jar:/home/fernando/.m2/repository/io/micrometer/micrometer-core/1.5.11/micrometer-core-1.5.11.jar:/home/fernando/.m2/repository/org/hdrhistogram/HdrHistogram/2.1.12/HdrHistogram-2.1.12.jar:/home/fernando/.m2/repository/org/latencyutils/LatencyUtils/2.0.3/LatencyUtils-2.0.3.jar:/home/fernando/.m2/repository/org/springframework/cloud/spring-cloud-security/2.2.4.RELEASE/spring-cloud-security-2.2.4.RELEASE.jar:/home/fernando/.m2/repository/org/springframework/security/oauth/boot/spring-security-oauth2-autoconfigure/2.1.2.RELEASE/spring-security-oauth2-autoconfigure-2.1.2.RELEASE.jar:/home/fernando/.m2/repository/com/fasterxml/jackson/core/jackson-annotations/2.11.4/jackson-annotations-2.11.4.jar:/home/fernando/.m2/repository/com/sun/xml/bind/jaxb-core/2.3.0.1/jaxb-core-2.3.0.1.jar:/home/fernando/.m2/repository/com/sun/xml/bind/jaxb-impl/2.3.0.1/jaxb-impl-2.3.0.1.jar:/home/fernando/.m2/repository/javax/xml/bind/jaxb-api/2.3.1/jaxb-api-2.3.1.jar:/home/fernando/.m2/repository/javax/activation/javax.activation-api/1.2.0/javax.activation-api-1.2.0.jar:/home/fernando/.m2/repository/org/springframework/security/oauth/spring-security-oauth2/2.3.4.RELEASE/spring-security-oauth2-2.3.4.RELEASE.jar:/home/fernando/.m2/repository/commons-codec/commons-codec/1.14/commons-codec-1.14.jar:/home/fernando/.m2/repository/org/codehaus/jackson/jackson-mapper-asl/1.9.13/jackson-mapper-asl-1.9.13.jar:/home/fernando/.m2/repository/org/codehaus/jackson/jackson-core-asl/1.9.13/jackson-core-asl-1.9.13.jar:/home/fernando/.m2/repository/org/springframework/security/spring-security-jwt/1.0.9.RELEASE/spring-security-jwt-1.0.9.RELEASE.jar:/home/fernando/.m2/repository/org/bouncycastle/bcpkix-jdk15on/1.56/bcpkix-jdk15on-1.56.jar:/home/fernando/.m2/repository/org/bouncycastle/bcprov-jdk15on/1.56/bcprov-jdk15on-1.56.jar:/home/fernando/.m2/repository/org/springframework/boot/spring-boot-starter-test/2.3.9.RELEASE/spring-boot-starter-test-2.3.9.RELEASE.jar:/home/fernando/.m2/repository/org/springframework/boot/spring-boot-test/2.3.9.RELEASE/spring-boot-test-2.3.9.RELEASE.jar:/home/fernando/.m2/repository/org/springframework/boot/spring-boot-test-autoconfigure/2.3.9.RELEASE/spring-boot-test-autoconfigure-2.3.9.RELEASE.jar:/home/fernando/.m2/repository/com/jayway/jsonpath/json-path/2.4.0/json-path-2.4.0.jar:/home/fernando/.m2/repository/net/minidev/json-smart/2.3/json-smart-2.3.jar:/home/fernando/.m2/repository/net/minidev/accessors-smart/1.2/accessors-smart-1.2.jar:/home/fernando/.m2/repository/org/ow2/asm/asm/5.0.4/asm-5.0.4.jar:/home/fernando/.m2/repository/org/slf4j/slf4j-api/1.7.30/slf4j-api-1.7.30.jar:/home/fernando/.m2/repository/jakarta/xml/bind/jakarta.xml.bind-api/2.3.3/jakarta.xml.bind-api-2.3.3.jar:/home/fernando/.m2/repository/jakarta/activation/jakarta.activation-api/1.2.2/jakarta.activation-api-1.2.2.jar:/home/fernando/.m2/repository/org/assertj/assertj-core/3.16.1/assertj-core-3.16.1.jar:/home/fernando/.m2/repository/org/hamcrest/hamcrest/2.2/hamcrest-2.2.jar:/home/fernando/.m2/repository/org/junit/jupiter/junit-jupiter/5.6.3/junit-jupiter-5.6.3.jar:/home/fernando/.m2/repository/org/junit/jupiter/junit-jupiter-api/5.6.3/junit-jupiter-api-5.6.3.jar:/home/fernando/.m2/repository/org/apiguardian/apiguardian-api/1.1.0/apiguardian-api-1.1.0.jar:/home/fernando/.m2/repository/org/opentest4j/opentest4j/1.2.0/opentest4j-1.2.0.jar:/home/fernando/.m2/repository/org/junit/platform/junit-platform-commons/1.6.3/junit-platform-commons-1.6.3.jar:/home/fernando/.m2/repository/org/junit/jupiter/junit-jupiter-params/5.6.3/junit-jupiter-params-5.6.3.jar:/home/fernando/.m2/repository/org/junit/jupiter/junit-jupiter-engine/5.6.3/junit-jupiter-engine-5.6.3.jar:/home/fernando/.m2/repository/org/junit/platform/junit-platform-engine/1.6.3/junit-platform-engine-1.6.3.jar:/home/fernando/.m2/repository/org/mockito/mockito-core/3.3.3/mockito-core-3.3.3.jar:/home/fernando/.m2/repository/net/bytebuddy/byte-buddy/1.10.20/byte-buddy-1.10.20.jar:/home/fernando/.m2/repository/net/bytebuddy/byte-buddy-agent/1.10.20/byte-buddy-agent-1.10.20.jar:/home/fernando/.m2/repository/org/objenesis/objenesis/2.6/objenesis-2.6.jar:/home/fernando/.m2/repository/org/mockito/mockito-junit-jupiter/3.3.3/mockito-junit-jupiter-3.3.3.jar:/home/fernando/.m2/repository/org/skyscreamer/jsonassert/1.5.0/jsonassert-1.5.0.jar:/home/fernando/.m2/repository/com/vaadin/external/google/android-json/0.0.20131108.vaadin1/android-json-0.0.20131108.vaadin1.jar:/home/fernando/.m2/repository/org/springframework/spring-core/5.2.13.RELEASE/spring-core-5.2.13.RELEASE.jar:/home/fernando/.m2/repository/org/springframework/spring-jcl/5.2.13.RELEASE/spring-jcl-5.2.13.RELEASE.jar:/home/fernando/.m2/repository/org/springframework/spring-test/5.2.13.RELEASE/spring-test-5.2.13.RELEASE.jar:/home/fernando/.m2/repository/org/xmlunit/xmlunit-core/2.7.0/xmlunit-core-2.7.0.jar:/home/fernando/.m2/repository/org/springframework/security/spring-security-test/5.3.8.RELEASE/spring-security-test-5.3.8.RELEASE.jar:/home/fernando/.m2/repository/org/springframework/security/spring-security-core/5.3.8.RELEASE/spring-security-core-5.3.8.RELEASE.jar:"/>
    <property name="sun.cpu.endian" value="little"/>
    <property name="user.home" value="/home/fernando"/>
    <property name="user.language" value="pt"/>
    <property name="java.specification.vendor" value="Oracle Corporation"/>
    <property name="java.home" value="/usr/lib/jvm/java-8-openjdk-amd64/jre"/>
    <property name="basedir" value="/home/fernando/eclipse-workspace/sts-ws-java/microservice-auth"/>
    <property name="style.color" value="always"/>
    <property name="file.separator" value="/"/>
    <property name="line.separator" value="&#10;"/>
    <property name="java.vm.specification.vendor" value="Oracle Corporation"/>
    <property name="java.specification.name" value="Java Platform API Specification"/>
    <property name="java.awt.graphicsenv" value="sun.awt.X11GraphicsEnvironment"/>
    <property name="surefire.real.class.path" value="/home/fernando/eclipse-workspace/sts-ws-java/microservice-auth/target/surefire/surefirebooter1990055914669779799.jar"/>
    <property name="sun.boot.class.path" value="/usr/lib/jvm/java-8-openjdk-amd64/jre/lib/resources.jar:/usr/lib/jvm/java-8-openjdk-amd64/jre/lib/rt.jar:/usr/lib/jvm/java-8-openjdk-amd64/jre/lib/sunrsasign.jar:/usr/lib/jvm/java-8-openjdk-amd64/jre/lib/jsse.jar:/usr/lib/jvm/java-8-openjdk-amd64/jre/lib/jce.jar:/usr/lib/jvm/java-8-openjdk-amd64/jre/lib/charsets.jar:/usr/lib/jvm/java-8-openjdk-amd64/jre/lib/jfr.jar:/usr/lib/jvm/java-8-openjdk-amd64/jre/classes"/>
    <property name="sun.management.compiler" value="HotSpot 64-Bit Tiered Compilers"/>
    <property name="java.runtime.version" value="1.8.0_282-8u282-b08-0ubuntu1~20.04-b08"/>
    <property name="user.name" value="fernando"/>
    <property name="path.separator" value=":"/>
    <property name="os.version" value="5.4.0-70-generic"/>
    <property name="java.endorsed.dirs" value="/usr/lib/jvm/java-8-openjdk-amd64/jre/lib/endorsed"/>
    <property name="java.runtime.name" value="OpenJDK Runtime Environment"/>
    <property name="file.encoding" value="UTF-8"/>
    <property name="java.vm.name" value="OpenJDK 64-Bit Server VM"/>
    <property name="localRepository" value="/home/fernando/.m2/repository"/>
    <property name="java.vendor.url.bug" value="http://bugreport.sun.com/bugreport/"/>
    <property name="java.io.tmpdir" value="/tmp"/>
    <property name="java.version" value="1.8.0_282"/>
    <property name="user.dir" value="/home/fernando/eclipse-workspace/sts-ws-java/microservice-auth"/>
    <property name="os.arch" value="amd64"/>
    <property name="java.vm.specification.name" value="Java Virtual Machine Specification"/>
    <property name="java.awt.printerjob" value="sun.print.PSPrinterJob"/>
    <property name="sun.os.patch.level" value="unknown"/>
    <property name="java.library.path" value="/usr/java/packages/lib/amd64:/usr/lib/x86_64-linux-gnu/jni:/lib/x86_64-linux-gnu:/usr/lib/x86_64-linux-gnu:/usr/lib/jni:/lib:/usr/lib"/>
    <property name="java.vm.info" value="mixed mode"/>
    <property name="java.vendor" value="Private Build"/>
    <property name="java.vm.version" value="25.282-b08"/>
    <property name="java.ext.dirs" value="/usr/lib/jvm/java-8-openjdk-amd64/jre/lib/ext:/usr/java/packages/lib/ext"/>
    <property name="sun.io.unicode.encoding" value="UnicodeLittle"/>
    <property name="java.class.version" value="52.0"/>
  </properties>
  <testcase name="contextLoads" classname="br.com.alura.microservice.auth.AuthApplicationTests" time="0.145"/>
</testsuite>